<?xml version="1.0" encoding="UTF-8"?>
<robot generator="Robot 3.2.2 (Python 3.6.8 on win32)" generated="20211001 15:39:21.669" rpa="false">
<suite id="s1" name="TestCases" source="C:\Users\minhn\PycharmProjects\Demo_Robot_FW\TestCase\TestCases">
<test id="s1-t1" name="TC14">
<kw name="Open LinkedinPage" library="CommonKeywork">
<arguments>
<arg>https://www.demoqa.com/webtables</arg>
<arg>${Browser}</arg>
</arguments>
<kw name="Open Browser" library="SeleniumLibrary">
<doc>Opens a new browser instance to the given ``url``.</doc>
<arguments>
<arg>${SiteUrl}</arg>
<arg>${Browser}</arg>
</arguments>
<msg timestamp="20211001 15:39:22.041" level="INFO">Opening browser 'chrome' to base url 'https://www.demoqa.com/webtables'.</msg>
<status status="PASS" starttime="20211001 15:39:22.040" endtime="20211001 15:39:48.916"></status>
</kw>
<kw name="Maximize Browser Window" library="SeleniumLibrary">
<doc>Maximizes current browser window.</doc>
<status status="PASS" starttime="20211001 15:39:48.917" endtime="20211001 15:39:49.083"></status>
</kw>
<status status="PASS" starttime="20211001 15:39:22.039" endtime="20211001 15:39:49.084"></status>
</kw>
<kw name="Sleep" library="BuiltIn">
<doc>Pauses the test executed for the given time.</doc>
<arguments>
<arg>${delay}</arg>
</arguments>
<msg timestamp="20211001 15:39:54.086" level="INFO">Slept 5 seconds</msg>
<status status="PASS" starttime="20211001 15:39:49.085" endtime="20211001 15:39:54.086"></status>
</kw>
<kw name="Click Element" library="SeleniumLibrary">
<doc>Click element identified by ``locator``.</doc>
<arguments>
<arg>//span[@id='edit-record-1']</arg>
</arguments>
<msg timestamp="20211001 15:39:54.091" level="INFO">Clicking element '//span[@id='edit-record-1']'.</msg>
<status status="PASS" starttime="20211001 15:39:54.091" endtime="20211001 15:39:54.313"></status>
</kw>
<kw name="Input Text" library="SeleniumLibrary">
<doc>Types the given ``text`` into text field identified by ``locator``.</doc>
<arguments>
<arg>${WebTable_Input_FirstName}</arg>
<arg>${FisrtName}</arg>
</arguments>
<msg timestamp="20211001 15:39:54.314" level="INFO">Typing text 'Nguyễn Văn' into text field '//input[@id ='firstName']'.</msg>
<status status="PASS" starttime="20211001 15:39:54.313" endtime="20211001 15:39:54.540"></status>
</kw>
<kw name="Input Text" library="SeleniumLibrary">
<doc>Types the given ``text`` into text field identified by ``locator``.</doc>
<arguments>
<arg>${WebTable_Input_LastName}</arg>
<arg>${LastName}</arg>
</arguments>
<msg timestamp="20211001 15:39:54.542" level="INFO">Typing text 'Tú' into text field '//input[@id ='lastName']'.</msg>
<status status="PASS" starttime="20211001 15:39:54.541" endtime="20211001 15:39:54.722"></status>
</kw>
<kw name="Input Text" library="SeleniumLibrary">
<doc>Types the given ``text`` into text field identified by ``locator``.</doc>
<arguments>
<arg>${WebTable_Input_UserEmail}</arg>
<arg>${Email}</arg>
</arguments>
<msg timestamp="20211001 15:39:54.723" level="INFO">Typing text 'tu@gmail.com' into text field '//input[@id ='userEmail']'.</msg>
<status status="PASS" starttime="20211001 15:39:54.722" endtime="20211001 15:39:54.926"></status>
</kw>
<kw name="Input Text" library="SeleniumLibrary">
<doc>Types the given ``text`` into text field identified by ``locator``.</doc>
<arguments>
<arg>${WebTable_Input_Age}</arg>
<arg>${Age}</arg>
</arguments>
<msg timestamp="20211001 15:39:54.927" level="INFO">Typing text '27' into text field '//input[@id ='age']'.</msg>
<status status="PASS" starttime="20211001 15:39:54.927" endtime="20211001 15:39:55.080"></status>
</kw>
<kw name="Input Text" library="SeleniumLibrary">
<doc>Types the given ``text`` into text field identified by ``locator``.</doc>
<arguments>
<arg>${WebTable_Input_Salary}</arg>
<arg>${Salary}</arg>
</arguments>
<msg timestamp="20211001 15:39:55.081" level="INFO">Typing text '101010' into text field '//input[@id ='salary']'.</msg>
<status status="PASS" starttime="20211001 15:39:55.080" endtime="20211001 15:39:55.254"></status>
</kw>
<kw name="Input Text" library="SeleniumLibrary">
<doc>Types the given ``text`` into text field identified by ``locator``.</doc>
<arguments>
<arg>${WebTable_Input_Department}</arg>
<arg>${Department}</arg>
</arguments>
<msg timestamp="20211001 15:39:55.255" level="INFO">Typing text 'hihi' into text field '//input[@id ='department']'.</msg>
<status status="PASS" starttime="20211001 15:39:55.254" endtime="20211001 15:39:55.401"></status>
</kw>
<kw name="Click Button" library="SeleniumLibrary">
<doc>Clicks button identified by ``locator``.</doc>
<arguments>
<arg>${Button_Submit}</arg>
</arguments>
<msg timestamp="20211001 15:39:55.404" level="INFO">Clicking button '//button[@id = 'submit']'.</msg>
<status status="PASS" starttime="20211001 15:39:55.404" endtime="20211001 15:39:55.548"></status>
</kw>
<kw name="Get Text" library="SeleniumLibrary">
<doc>Returns the text value of element identified by ``locator``.</doc>
<arguments>
<arg>${WebTable_Row1}</arg>
</arguments>
<assign>
<var>${data}</var>
</assign>
<msg timestamp="20211001 15:39:55.612" level="INFO">${data} = Nguyễn Văn
Tú
27
tu@gmail.com
101010
hihi</msg>
<status status="PASS" starttime="20211001 15:39:55.549" endtime="20211001 15:39:55.612"></status>
</kw>
<kw name="Log To Console" library="BuiltIn">
<doc>Logs the given message to the console.</doc>
<arguments>
<arg>${data}</arg>
</arguments>
<status status="PASS" starttime="20211001 15:39:55.613" endtime="20211001 15:39:55.613"></status>
</kw>
<kw name="Element Should Contain" library="SeleniumLibrary">
<doc>Verifies that element ``locator`` contains text ``expected``.</doc>
<arguments>
<arg>${WebTable_Row1}</arg>
<arg>${data}</arg>
</arguments>
<msg timestamp="20211001 15:39:55.658" level="INFO">Element '//div[@class ='rt-tr-group'][1]' contains text 'Nguyễn Văn
Tú
27
tu@gmail.com
101010
hihi'.</msg>
<status status="PASS" starttime="20211001 15:39:55.614" endtime="20211001 15:39:55.658"></status>
</kw>
<status status="PASS" starttime="20211001 15:39:22.037" endtime="20211001 15:39:55.659" critical="yes"></status>
</test>
<status status="PASS" starttime="20211001 15:39:21.674" endtime="20211001 15:39:55.661"></status>
</suite>
<statistics>
<total>
<stat pass="1" fail="0">Critical Tests</stat>
<stat pass="1" fail="0">All Tests</stat>
</total>
<tag>
</tag>
<suite>
<stat pass="1" fail="0" id="s1" name="TestCases">TestCases</stat>
</suite>
</statistics>
<errors>
</errors>
</robot>
